<?xml version="1.0" encoding="UTF-8"?>
<testsuite name="(empty)"
	tests="37"
	failures="0"
	disabled="0"
	skipped="0"
	hostname=""
	time="0"
	timestamp="2023-05-11T22:25:52"
	>
	<testcase name="DoubleInt.Propagate" classname="DoubleInt.Propagate" time="0.00446701" status="run">
		<system-out>Running main() from /workspace/build/_deps/googletest-src/googletest/src/gtest_main.cc
Note: Google Test filter = DoubleInt.Propagate
[==========] Running 1 test from 1 test suite.
[----------] Global test environment set-up.
[----------] 1 test from DoubleInt
[ RUN      ] DoubleInt.Propagate
t = 0: 0.1 0 1 0 
t = 0.1: 0.2 0 1 0 
t = 0.2: 0.3 0 1 0 
t = 0.3: 0.4 0 1 0 
t = 0.4: 0.5 0 1 0 
t = 0.5: 0.6 0 1 0 
t = 0.6: 0.7 0 1 0 
t = 0.7: 0.8 0 1 0 
t = 0.8: 0.9 0 1 0 
t = 0.9: 1 0 1 0 
[       OK ] DoubleInt.Propagate (0 ms)
[----------] 1 test from DoubleInt (0 ms total)

[----------] Global test environment tear-down
[==========] 1 test from 1 test suite ran. (0 ms total)
[  PASSED  ] 1 test.
</system-out>
	</testcase>
	<testcase name="DoubleInt.serialize" classname="DoubleInt.serialize" time="0.00395011" status="run">
		<system-out>Running main() from /workspace/build/_deps/googletest-src/googletest/src/gtest_main.cc
Note: Google Test filter = DoubleInt.serialize
[==========] Running 1 test from 1 test suite.
[----------] Global test environment set-up.
[----------] 1 test from DoubleInt
[ RUN      ] DoubleInt.serialize
Original class:
{
    "value0": {
        "ILinearDynamics": {
            "IDynamics": {
                "m_hasStateConstraint": false
            },
            "m_hasContolModel": false
        },
        "m_dt": 0.1
    }
}
Loaded class:
{
    "value0": {
        "ILinearDynamics": {
            "IDynamics": {
                "m_hasStateConstraint": false
            },
            "m_hasContolModel": false
        },
        "m_dt": 0.1
    }
}
[       OK ] DoubleInt.serialize (0 ms)
[----------] 1 test from DoubleInt (0 ms total)

[----------] Global test environment tear-down
[==========] 1 test from 1 test suite ran. (0 ms total)
[  PASSED  ] 1 test.
</system-out>
	</testcase>
	<testcase name="Curvilinear.GetStateMat" classname="Curvilinear.GetStateMat" time="0.0119052" status="run">
		<system-out>Running main() from /workspace/build/_deps/googletest-src/googletest/src/gtest_main.cc
Note: Google Test filter = Curvilinear.GetStateMat
[==========] Running 1 test from 1 test suite.
[----------] Global test environment set-up.
[----------] 1 test from Curvilinear
[ RUN      ] Curvilinear.GetStateMat
Checking row = 0, col = 0
Checking row = 0, col = 1
Checking row = 0, col = 2
Checking row = 0, col = 3
Checking row = 1, col = 0
Checking row = 1, col = 1
Checking row = 1, col = 2
Checking row = 1, col = 3
Checking row = 2, col = 0
Checking row = 2, col = 1
Checking row = 2, col = 2
Checking row = 2, col = 3
Checking row = 3, col = 0
Checking row = 3, col = 1
Checking row = 3, col = 2
Checking row = 3, col = 3
[       OK ] Curvilinear.GetStateMat (2 ms)
[----------] 1 test from Curvilinear (3 ms total)

[----------] Global test environment tear-down
[==========] 1 test from 1 test suite ran. (3 ms total)
[  PASSED  ] 1 test.
</system-out>
	</testcase>
	<testcase name="Curvilinear.Propagate" classname="Curvilinear.Propagate" time="0.00545771" status="run">
		<system-out>Running main() from /workspace/build/_deps/googletest-src/googletest/src/gtest_main.cc
Note: Google Test filter = Curvilinear.Propagate
[==========] Running 1 test from 1 test suite.
[----------] Global test environment set-up.
[----------] 1 test from Curvilinear
[ RUN      ] Curvilinear.Propagate
t = 0: 0.0707107 0.0707107 1 0.785398 
t = 0.1: 0.141421 0.141421 1 0.785398 
t = 0.2: 0.212132 0.212132 1 0.785398 
t = 0.3: 0.282843 0.282843 1 0.785398 
t = 0.4: 0.353553 0.353553 1 0.785398 
t = 0.5: 0.424264 0.424264 1 0.785398 
t = 0.6: 0.494975 0.494975 1 0.785398 
t = 0.7: 0.565685 0.565685 1 0.785398 
t = 0.8: 0.636396 0.636396 1 0.785398 
t = 0.9: 0.707107 0.707107 1 0.785398 
[       OK ] Curvilinear.Propagate (2 ms)
[----------] 1 test from Curvilinear (2 ms total)

[----------] Global test environment tear-down
[==========] 1 test from 1 test suite ran. (2 ms total)
[  PASSED  ] 1 test.
</system-out>
	</testcase>
	<testcase name="Curvilinear.serialize" classname="Curvilinear.serialize" time="0.0034204" status="run">
		<system-out>Running main() from /workspace/build/_deps/googletest-src/googletest/src/gtest_main.cc
Note: Google Test filter = Curvilinear.serialize
[==========] Running 1 test from 1 test suite.
[----------] Global test environment set-up.
[----------] 1 test from Curvilinear
[ RUN      ] Curvilinear.serialize
Original class:
{
    "value0": {
        "INonLinearDynamics": {
            "IDynamics": {
                "m_hasStateConstraint": false
            },
            "m_dt": 0.1,
            "m_hasControlModel": false,
            "m_continuousControl": true
        }
    }
}
Loaded class:
{
    "value0": {
        "INonLinearDynamics": {
            "IDynamics": {
                "m_hasStateConstraint": false
            },
            "m_dt": 0.1,
            "m_hasControlModel": false,
            "m_continuousControl": true
        }
    }
}
[       OK ] Curvilinear.serialize (0 ms)
[----------] 1 test from Curvilinear (0 ms total)

[----------] Global test environment tear-down
[==========] 1 test from 1 test ...
[This part of the test output was removed since it exceeds the threshold of 1024 bytes.]
</system-out>
	</testcase>
	<testcase name="MatrixTest.Index" classname="MatrixTest.Index" time="0.00463791" status="run">
		<system-out>Running main() from /workspace/build/_deps/googletest-src/googletest/src/gtest_main.cc
Note: Google Test filter = MatrixTest.Index
[==========] Running 1 test from 1 test suite.
[----------] Global test environment set-up.
[----------] 1 test from MatrixTest
[ RUN      ] MatrixTest.Index
[       OK ] MatrixTest.Index (0 ms)
[----------] 1 test from MatrixTest (0 ms total)

[----------] Global test environment tear-down
[==========] 1 test from 1 test suite ran. (0 ms total)
[  PASSED  ] 1 test.
</system-out>
	</testcase>
	<testcase name="MatrixTest.Add" classname="MatrixTest.Add" time="0.0037576" status="run">
		<system-out>Running main() from /workspace/build/_deps/googletest-src/googletest/src/gtest_main.cc
Note: Google Test filter = MatrixTest.Add
[==========] Running 1 test from 1 test suite.
[----------] Global test environment set-up.
[----------] 1 test from MatrixTest
[ RUN      ] MatrixTest.Add
1251[       OK ] MatrixTest.Add (0 ms)
[----------] 1 test from MatrixTest (0 ms total)

[----------] Global test environment tear-down
[==========] 1 test from 1 test suite ran. (0 ms total)
[  PASSED  ] 1 test.
</system-out>
	</testcase>
	<testcase name="MatrixTest.Multiply" classname="MatrixTest.Multiply" time="0.00433741" status="run">
		<system-out>Running main() from /workspace/build/_deps/googletest-src/googletest/src/gtest_main.cc
Note: Google Test filter = MatrixTest.Multiply
[==========] Running 1 test from 1 test suite.
[----------] Global test environment set-up.
[----------] 1 test from MatrixTest
[ RUN      ] MatrixTest.Multiply
451621[       OK ] MatrixTest.Multiply (0 ms)
[----------] 1 test from MatrixTest (0 ms total)

[----------] Global test environment tear-down
[==========] 1 test from 1 test suite ran. (0 ms total)
[  PASSED  ] 1 test.
</system-out>
	</testcase>
	<testcase name="MatrixTest.MultiplyNonSquare" classname="MatrixTest.MultiplyNonSquare" time="0.00509411" status="run">
		<system-out>Running main() from /workspace/build/_deps/googletest-src/googletest/src/gtest_main.cc
Note: Google Test filter = MatrixTest.MultiplyNonSquare
[==========] Running 1 test from 1 test suite.
[----------] Global test environment set-up.
[----------] 1 test from MatrixTest
[ RUN      ] MatrixTest.MultiplyNonSquare
[       OK ] MatrixTest.MultiplyNonSquare (0 ms)
[----------] 1 test from MatrixTest (0 ms total)

[----------] Global test environment tear-down
[==========] 1 test from 1 test suite ran. (0 ms total)
[  PASSED  ] 1 test.
</system-out>
	</testcase>
	<testcase name="MatrixTest.MultiplyVector" classname="MatrixTest.MultiplyVector" time="0.00371221" status="run">
		<system-out>Running main() from /workspace/build/_deps/googletest-src/googletest/src/gtest_main.cc
Note: Google Test filter = MatrixTest.MultiplyVector
[==========] Running 1 test from 1 test suite.
[----------] Global test environment set-up.
[----------] 1 test from MatrixTest
[ RUN      ] MatrixTest.MultiplyVector
v1 = 
2.000000	
3.000000	

v2 = 
2.000000	
3.000000	

m1 = 
1.000000	2.000000	
3.000000	4.000000	

m2 = 
1.000000	0.000000	0.000000	
0.000000	1.000000	0.000000	

8
18
4
5
[       OK ] MatrixTest.MultiplyVector (0 ms)
[----------] 1 test from MatrixTest (0 ms total)

[----------] Global test environment tear-down
[==========] 1 test from 1 test suite ran. (0 ms total)
[  PASSED  ] 1 test.
</system-out>
	</testcase>
	<testcase name="MatrixTest.TransposeMatrix" classname="MatrixTest.TransposeMatrix" time="0.00443921" status="run">
		<system-out>Running main() from /workspace/build/_deps/googletest-src/googletest/src/gtest_main.cc
Note: Google Test filter = MatrixTest.TransposeMatrix
[==========] Running 1 test from 1 test suite.
[----------] Global test environment set-up.
[----------] 1 test from MatrixTest
[ RUN      ] MatrixTest.TransposeMatrix
15263748[       OK ] MatrixTest.TransposeMatrix (0 ms)
[----------] 1 test from MatrixTest (0 ms total)

[----------] Global test environment tear-down
[==========] 1 test from 1 test suite ran. (0 ms total)
[  PASSED  ] 1 test.
</system-out>
	</testcase>
	<testcase name="MatrixTest.TransposeMatrixInPlace" classname="MatrixTest.TransposeMatrixInPlace" time="0.00394701" status="run">
		<system-out>Running main() from /workspace/build/_deps/googletest-src/googletest/src/gtest_main.cc
Note: Google Test filter = MatrixTest.TransposeMatrixInPlace
[==========] Running 1 test from 1 test suite.
[----------] Global test environment set-up.
[----------] 1 test from MatrixTest
[ RUN      ] MatrixTest.TransposeMatrixInPlace
15263748[       OK ] MatrixTest.TransposeMatrixInPlace (0 ms)
[----------] 1 test from MatrixTest (0 ms total)

[----------] Global test environment tear-down
[==========] 1 test from 1 test suite ran. (0 ms total)
[  PASSED  ] 1 test.
</system-out>
	</testcase>
	<testcase name="MatrixTest.InovCovCalc" classname="MatrixTest.InovCovCalc" time="0.003226" status="run">
		<system-out>Running main() from /workspace/build/_deps/googletest-src/googletest/src/gtest_main.cc
Note: Google Test filter = MatrixTest.InovCovCalc
[==========] Running 1 test from 1 test suite.
[----------] Global test environment set-up.
[----------] 1 test from MatrixTest
[ RUN      ] MatrixTest.InovCovCalc
1.000000	0.000000	
0.000000	1.000000	
0.000000	0.000000	
0.000000	0.000000	

1.000000	0.000000	
0.000000	1.000000	
0.000000	0.000000	
0.000000	0.000000	
[       OK ] MatrixTest.InovCovCalc (0 ms)
[----------] 1 test from MatrixTest (0 ms total)

[----------] Global test environment tear-down
[==========] 1 test from 1 test suite ran. (0 ms total)
[  PASSED  ] 1 test.
</system-out>
	</testcase>
	<testcase name="MatrixTest.serialize" classname="MatrixTest.serialize" time="0.00362861" status="run">
		<system-out>Running main() from /workspace/build/_deps/googletest-src/googletest/src/gtest_main.cc
Note: Google Test filter = MatrixTest.serialize
[==========] Running 1 test from 1 test suite.
[----------] Global test environment set-up.
[----------] 1 test from MatrixTest
[ RUN      ] MatrixTest.serialize
Original class:
{
    "value0": {
        "m_transposed": false,
        "m_nRows": 2,
        "m_nCols": 4,
        "m_shape": [
            2,
            4,
            1
        ],
        "m_strides": [
            4,
            1,
            1
        ],
        "m_data": [
            1.0,
            0.0,
            0.4,
            2.5,
            -2.3,
            1.0,
            8.9,
            -9.2
        ]
    }
}
Loaded class:
{
    "value0": {
        "m_transposed": false,
        "m_nRows": 2,
        "m_nCols": 4,
        "m_shape": [
            2,
            4,
            1
        ],
        "m_strides": [
            4,
            1,
            1
        ],
        "m_data": [
        ...
[This part of the test output was removed since it exceeds the threshold of 1024 bytes.]
</system-out>
	</testcase>
	<testcase name="VectorTest.Index" classname="VectorTest.Index" time="0.0036779" status="run">
		<system-out>Running main() from /workspace/build/_deps/googletest-src/googletest/src/gtest_main.cc
Note: Google Test filter = VectorTest.Index
[==========] Running 1 test from 1 test suite.
[----------] Global test environment set-up.
[----------] 1 test from VectorTest
[ RUN      ] VectorTest.Index
[       OK ] VectorTest.Index (0 ms)
[----------] 1 test from VectorTest (0 ms total)

[----------] Global test environment tear-down
[==========] 1 test from 1 test suite ran. (0 ms total)
[  PASSED  ] 1 test.
</system-out>
	</testcase>
	<testcase name="VectorTest.Add" classname="VectorTest.Add" time="0.0035654" status="run">
		<system-out>Running main() from /workspace/build/_deps/googletest-src/googletest/src/gtest_main.cc
Note: Google Test filter = VectorTest.Add
[==========] Running 1 test from 1 test suite.
[----------] Global test environment set-up.
[----------] 1 test from VectorTest
[ RUN      ] VectorTest.Add
[       OK ] VectorTest.Add (0 ms)
[----------] 1 test from VectorTest (0 ms total)

[----------] Global test environment tear-down
[==========] 1 test from 1 test suite ran. (0 ms total)
[  PASSED  ] 1 test.
</system-out>
	</testcase>
	<testcase name="VectorTest.Subtract" classname="VectorTest.Subtract" time="0.0031752" status="run">
		<system-out>Running main() from /workspace/build/_deps/googletest-src/googletest/src/gtest_main.cc
Note: Google Test filter = VectorTest.Subtract
[==========] Running 1 test from 1 test suite.
[----------] Global test environment set-up.
[----------] 1 test from VectorTest
[ RUN      ] VectorTest.Subtract
[       OK ] VectorTest.Subtract (0 ms)
[----------] 1 test from VectorTest (0 ms total)

[----------] Global test environment tear-down
[==========] 1 test from 1 test suite ran. (0 ms total)
[  PASSED  ] 1 test.
</system-out>
	</testcase>
	<testcase name="VectorTest.serialize" classname="VectorTest.serialize" time="0.003303" status="run">
		<system-out>Running main() from /workspace/build/_deps/googletest-src/googletest/src/gtest_main.cc
Note: Google Test filter = VectorTest.serialize
[==========] Running 1 test from 1 test suite.
[----------] Global test environment set-up.
[----------] 1 test from VectorTest
[ RUN      ] VectorTest.serialize
Original class:
{
    "value0": {
        "Matrix": {
            "m_transposed": false,
            "m_nRows": 4,
            "m_nCols": 1,
            "m_shape": [
                4,
                1,
                1
            ],
            "m_strides": [
                1,
                1,
                1
            ],
            "m_data": [
                -2.3,
                1.0,
                8.9,
                -9.2
            ]
        }
    }
}
Loaded class:
{
    "value0": {
        "Matrix": {
            "m_transposed": false,
            "m_nRows": 4,
            "m_nCols": 1,
            "m_shape": [
                4,
                1,
                1
            ],
            "m_s...
[This part of the test output was removed since it exceeds the threshold of 1024 bytes.]
</system-out>
	</testcase>
	<testcase name="MathTest.GradientVec" classname="MathTest.GradientVec" time="0.0036797" status="run">
		<system-out>Running main() from /workspace/build/_deps/googletest-src/googletest/src/gtest_main.cc
Note: Google Test filter = MathTest.GradientVec
[==========] Running 1 test from 1 test suite.
[----------] Global test environment set-up.
[----------] 1 test from MathTest
[ RUN      ] MathTest.GradientVec
[       OK ] MathTest.GradientVec (0 ms)
[----------] 1 test from MathTest (0 ms total)

[----------] Global test environment tear-down
[==========] 1 test from 1 test suite ran. (0 ms total)
[  PASSED  ] 1 test.
</system-out>
	</testcase>
	<testcase name="MathTest.JacobianSquareMat" classname="MathTest.JacobianSquareMat" time="0.00466901" status="run">
		<system-out>Running main() from /workspace/build/_deps/googletest-src/googletest/src/gtest_main.cc
Note: Google Test filter = MathTest.JacobianSquareMat
[==========] Running 1 test from 1 test suite.
[----------] Global test environment set-up.
[----------] 1 test from MathTest
[ RUN      ] MathTest.JacobianSquareMat
[       OK ] MathTest.JacobianSquareMat (0 ms)
[----------] 1 test from MathTest (0 ms total)

[----------] Global test environment tear-down
[==========] 1 test from 1 test suite ran. (0 ms total)
[  PASSED  ] 1 test.
</system-out>
	</testcase>
	<testcase name="MathTest.JacobianMat" classname="MathTest.JacobianMat" time="0.0035432" status="run">
		<system-out>Running main() from /workspace/build/_deps/googletest-src/googletest/src/gtest_main.cc
Note: Google Test filter = MathTest.JacobianMat
[==========] Running 1 test from 1 test suite.
[----------] Global test environment set-up.
[----------] 1 test from MathTest
[ RUN      ] MathTest.JacobianMat
[       OK ] MathTest.JacobianMat (0 ms)
[----------] 1 test from MathTest (0 ms total)

[----------] Global test environment tear-down
[==========] 1 test from 1 test suite ran. (0 ms total)
[  PASSED  ] 1 test.
</system-out>
	</testcase>
	<testcase name="MathTest.JacobianFunction" classname="MathTest.JacobianFunction" time="0.0035667" status="run">
		<system-out>Running main() from /workspace/build/_deps/googletest-src/googletest/src/gtest_main.cc
Note: Google Test filter = MathTest.JacobianFunction
[==========] Running 1 test from 1 test suite.
[----------] Global test environment set-up.
[----------] 1 test from MathTest
[ RUN      ] MathTest.JacobianFunction
[       OK ] MathTest.JacobianFunction (0 ms)
[----------] 1 test from MathTest (0 ms total)

[----------] Global test environment tear-down
[==========] 1 test from 1 test suite ran. (0 ms total)
[  PASSED  ] 1 test.
</system-out>
	</testcase>
	<testcase name="MathTest.GaussianPDF" classname="MathTest.GaussianPDF" time="0.0033684" status="run">
		<system-out>Running main() from /workspace/build/_deps/googletest-src/googletest/src/gtest_main.cc
Note: Google Test filter = MathTest.GaussianPDF
[==========] Running 1 test from 1 test suite.
[----------] Global test environment set-up.
[----------] 1 test from MathTest
[ RUN      ] MathTest.GaussianPDF
[       OK ] MathTest.GaussianPDF (0 ms)
[----------] 1 test from MathTest (0 ms total)

[----------] Global test environment tear-down
[==========] 1 test from 1 test suite ran. (0 ms total)
[  PASSED  ] 1 test.
</system-out>
	</testcase>
	<testcase name="MathTest.GaussianPDFVec" classname="MathTest.GaussianPDFVec" time="0.0032131" status="run">
		<system-out>Running main() from /workspace/build/_deps/googletest-src/googletest/src/gtest_main.cc
Note: Google Test filter = MathTest.GaussianPDFVec
[==========] Running 1 test from 1 test suite.
[----------] Global test environment set-up.
[----------] 1 test from MathTest
[ RUN      ] MathTest.GaussianPDFVec
[       OK ] MathTest.GaussianPDFVec (0 ms)
[----------] 1 test from MathTest (0 ms total)

[----------] Global test environment tear-down
[==========] 1 test from 1 test suite ran. (0 ms total)
[  PASSED  ] 1 test.
</system-out>
	</testcase>
	<testcase name="MathTest.RungeKutta4" classname="MathTest.RungeKutta4" time="0.0031617" status="run">
		<system-out>Running main() from /workspace/build/_deps/googletest-src/googletest/src/gtest_main.cc
Note: Google Test filter = MathTest.RungeKutta4
[==========] Running 1 test from 1 test suite.
[----------] Global test environment set-up.
[----------] 1 test from MathTest
[ RUN      ] MathTest.RungeKutta4
[       OK ] MathTest.RungeKutta4 (0 ms)
[----------] 1 test from MathTest (0 ms total)

[----------] Global test environment tear-down
[==========] 1 test from 1 test suite ran. (0 ms total)
[  PASSED  ] 1 test.
</system-out>
	</testcase>
	<testcase name="MeasurementTest.StateObservationMeasure" classname="MeasurementTest.StateObservationMeasure" time="0.00814881" status="run">
		<system-out>Running main() from /workspace/build/_deps/googletest-src/googletest/src/gtest_main.cc
Note: Google Test filter = MeasurementTest.StateObservationMeasure
[==========] Running 1 test from 1 test suite.
[----------] Global test environment set-up.
[----------] 1 test from MeasurementTest
[ RUN      ] MeasurementTest.StateObservationMeasure
[       OK ] MeasurementTest.StateObservationMeasure (0 ms)
[----------] 1 test from MeasurementTest (0 ms total)

[----------] Global test environment tear-down
[==========] 1 test from 1 test suite ran. (0 ms total)
[  PASSED  ] 1 test.
</system-out>
	</testcase>
	<testcase name="MeasurementTest.StateObservationMeasMat" classname="MeasurementTest.StateObservationMeasMat" time="0.00672611" status="run">
		<system-out>Running main() from /workspace/build/_deps/googletest-src/googletest/src/gtest_main.cc
Note: Google Test filter = MeasurementTest.StateObservationMeasMat
[==========] Running 1 test from 1 test suite.
[----------] Global test environment set-up.
[----------] 1 test from MeasurementTest
[ RUN      ] MeasurementTest.StateObservationMeasMat
[       OK ] MeasurementTest.StateObservationMeasMat (0 ms)
[----------] 1 test from MeasurementTest (0 ms total)

[----------] Global test environment tear-down
[==========] 1 test from 1 test suite ran. (0 ms total)
[  PASSED  ] 1 test.
</system-out>
	</testcase>
	<testcase name="MeasurementTest.RangeBearingMeasure" classname="MeasurementTest.RangeBearingMeasure" time="0.0035145" status="run">
		<system-out>Running main() from /workspace/build/_deps/googletest-src/googletest/src/gtest_main.cc
Note: Google Test filter = MeasurementTest.RangeBearingMeasure
[==========] Running 1 test from 1 test suite.
[----------] Global test environment set-up.
[----------] 1 test from MeasurementTest
[ RUN      ] MeasurementTest.RangeBearingMeasure
[       OK ] MeasurementTest.RangeBearingMeasure (0 ms)
[----------] 1 test from MeasurementTest (0 ms total)

[----------] Global test environment tear-down
[==========] 1 test from 1 test suite ran. (0 ms total)
[  PASSED  ] 1 test.
</system-out>
	</testcase>
	<testcase name="MeasurementTest.RangeBearingMeasMat" classname="MeasurementTest.RangeBearingMeasMat" time="0.00480611" status="run">
		<system-out>Running main() from /workspace/build/_deps/googletest-src/googletest/src/gtest_main.cc
Note: Google Test filter = MeasurementTest.RangeBearingMeasMat
[==========] Running 1 test from 1 test suite.
[----------] Global test environment set-up.
[----------] 1 test from MeasurementTest
[ RUN      ] MeasurementTest.RangeBearingMeasMat
[       OK ] MeasurementTest.RangeBearingMeasMat (0 ms)
[----------] 1 test from MeasurementTest (0 ms total)

[----------] Global test environment tear-down
[==========] 1 test from 1 test suite ran. (0 ms total)
[  PASSED  ] 1 test.
</system-out>
	</testcase>
	<testcase name="KFTest.SetStateModel" classname="KFTest.SetStateModel" time="0.00436201" status="run">
		<system-out>Running main() from /workspace/build/_deps/googletest-src/googletest/src/gtest_main.cc
Note: Google Test filter = KFTest.SetStateModel
[==========] Running 1 test from 1 test suite.
[----------] Global test environment set-up.
[----------] 1 test from KFTest
[ RUN      ] KFTest.SetStateModel
[       OK ] KFTest.SetStateModel (0 ms)
[----------] 1 test from KFTest (0 ms total)

[----------] Global test environment tear-down
[==========] 1 test from 1 test suite ran. (0 ms total)
[  PASSED  ] 1 test.
</system-out>
	</testcase>
	<testcase name="KFTest.SetMeasModel" classname="KFTest.SetMeasModel" time="0.00387981" status="run">
		<system-out>Running main() from /workspace/build/_deps/googletest-src/googletest/src/gtest_main.cc
Note: Google Test filter = KFTest.SetMeasModel
[==========] Running 1 test from 1 test suite.
[----------] Global test environment set-up.
[----------] 1 test from KFTest
[ RUN      ] KFTest.SetMeasModel
[       OK ] KFTest.SetMeasModel (0 ms)
[----------] 1 test from KFTest (0 ms total)

[----------] Global test environment tear-down
[==========] 1 test from 1 test suite ran. (0 ms total)
[  PASSED  ] 1 test.
</system-out>
	</testcase>
	<testcase name="KFTest.GetSetCovariance" classname="KFTest.GetSetCovariance" time="0.0043348" status="run">
		<system-out>Running main() from /workspace/build/_deps/googletest-src/googletest/src/gtest_main.cc
Note: Google Test filter = KFTest.GetSetCovariance
[==========] Running 1 test from 1 test suite.
[----------] Global test environment set-up.
[----------] 1 test from KFTest
[ RUN      ] KFTest.GetSetCovariance
[       OK ] KFTest.GetSetCovariance (0 ms)
[----------] 1 test from KFTest (0 ms total)

[----------] Global test environment tear-down
[==========] 1 test from 1 test suite ran. (0 ms total)
[  PASSED  ] 1 test.
</system-out>
	</testcase>
	<testcase name="KFTest.FilterPredict" classname="KFTest.FilterPredict" time="0.00429581" status="run">
		<system-out>Running main() from /workspace/build/_deps/googletest-src/googletest/src/gtest_main.cc
Note: Google Test filter = KFTest.FilterPredict
[==========] Running 1 test from 1 test suite.
[----------] Global test environment set-up.
[----------] 1 test from KFTest
[ RUN      ] KFTest.FilterPredict
[       OK ] KFTest.FilterPredict (0 ms)
[----------] 1 test from KFTest (0 ms total)

[----------] Global test environment tear-down
[==========] 1 test from 1 test suite ran. (0 ms total)
[  PASSED  ] 1 test.
</system-out>
	</testcase>
	<testcase name="KFTest.FilterCorrect" classname="KFTest.FilterCorrect" time="0.00441421" status="run">
		<system-out>Running main() from /workspace/build/_deps/googletest-src/googletest/src/gtest_main.cc
Note: Google Test filter = KFTest.FilterCorrect
[==========] Running 1 test from 1 test suite.
[----------] Global test environment set-up.
[----------] 1 test from KFTest
[ RUN      ] KFTest.FilterCorrect
[       OK ] KFTest.FilterCorrect (0 ms)
[----------] 1 test from KFTest (0 ms total)

[----------] Global test environment tear-down
[==========] 1 test from 1 test suite ran. (0 ms total)
[  PASSED  ] 1 test.
</system-out>
	</testcase>
	<testcase name="KFTest.serialize" classname="KFTest.serialize" time="0.00449971" status="run">
		<system-out>Running main() from /workspace/build/_deps/googletest-src/googletest/src/gtest_main.cc
Note: Google Test filter = KFTest.serialize
[==========] Running 1 test from 1 test suite.
[----------] Global test environment set-up.
[----------] 1 test from KFTest
[ RUN      ] KFTest.serialize
Original class:
{
    "value0": {
        "IBayesFilter": {
            "cov": {
                "m_transposed": false,
                "m_nRows": 4,
                "m_nCols": 4,
                "m_shape": [
                    4,
                    4,
                    1
                ],
                "m_strides": [
                    4,
                    1,
                    1
                ],
                "m_data": [
                    1.0,
                    0.0,
                    0.3,
                    0.0,
                    0.0,
                    1.0,
                    0.0,
                    4.0,
                    0.0,
                    3.0,
                    1.0,
                    0....
[This part of the test output was removed since it exceeds the threshold of 1024 bytes.]
</system-out>
	</testcase>
	<testcase name="EKFTest.SetStateModel" classname="EKFTest.SetStateModel" time="0.00421071" status="run">
		<system-out>Running main() from /workspace/build/_deps/googletest-src/googletest/src/gtest_main.cc
Note: Google Test filter = EKFTest.SetStateModel
[==========] Running 1 test from 1 test suite.
[----------] Global test environment set-up.
[----------] 1 test from EKFTest
[ RUN      ] EKFTest.SetStateModel
[       OK ] EKFTest.SetStateModel (0 ms)
[----------] 1 test from EKFTest (0 ms total)

[----------] Global test environment tear-down
[==========] 1 test from 1 test suite ran. (0 ms total)
[  PASSED  ] 1 test.
</system-out>
	</testcase>
	<testcase name="EKFTest.serialize" classname="EKFTest.serialize" time="0.0034462" status="run">
		<system-out>Running main() from /workspace/build/_deps/googletest-src/googletest/src/gtest_main.cc
Note: Google Test filter = EKFTest.serialize
[==========] Running 1 test from 1 test suite.
[----------] Global test environment set-up.
[----------] 1 test from EKFTest
[ RUN      ] EKFTest.serialize
Original class:
{
    "value0": {
        "Kalman": {
            "cov": {
                "m_transposed": false,
                "m_nRows": 4,
                "m_nCols": 4,
                "m_shape": [
                    4,
                    4,
                    1
                ],
                "m_strides": [
                    4,
                    1,
                    1
                ],
                "m_data": [
                    1.0,
                    0.0,
                    0.3,
                    0.0,
                    0.0,
                    1.0,
                    0.0,
                    4.0,
                    0.0,
                    3.0,
                    1.0,
                    0.0,
...
[This part of the test output was removed since it exceeds the threshold of 1024 bytes.]
</system-out>
	</testcase>
</testsuite>
