<?xml version="1.0" encoding="UTF-8"?>
<testsuite name="(empty)"
	tests="24"
	failures="0"
	disabled="0"
	skipped="0"
	hostname=""
	time="0"
	timestamp="2023-05-27T12:57:29"
	>
	<testcase name="DoubleInt.Propagate" classname="DoubleInt.Propagate" time="0.00382993" status="run">
		<system-out>Running main() from /workspace/build/_deps/googletest-src/googletest/src/gtest_main.cc
Note: Google Test filter = DoubleInt.Propagate
[==========] Running 1 test from 1 test suite.
[----------] Global test environment set-up.
[----------] 1 test from DoubleInt
[ RUN      ] DoubleInt.Propagate
t = 0: 0.1 0 1 0 
t = 0.1: 0.2 0 1 0 
t = 0.2: 0.3 0 1 0 
t = 0.3: 0.4 0 1 0 
t = 0.4: 0.5 0 1 0 
t = 0.5: 0.6 0 1 0 
t = 0.6: 0.7 0 1 0 
t = 0.7: 0.8 0 1 0 
t = 0.8: 0.9 0 1 0 
t = 0.9: 1 0 1 0 
[       OK ] DoubleInt.Propagate (0 ms)
[----------] 1 test from DoubleInt (0 ms total)

[----------] Global test environment tear-down
[==========] 1 test from 1 test suite ran. (0 ms total)
[  PASSED  ] 1 test.
</system-out>
	</testcase>
	<testcase name="DoubleInt.serialize" classname="DoubleInt.serialize" time="0.00539994" status="run">
		<system-out>Running main() from /workspace/build/_deps/googletest-src/googletest/src/gtest_main.cc
Note: Google Test filter = DoubleInt.serialize
[==========] Running 1 test from 1 test suite.
[----------] Global test environment set-up.
[----------] 1 test from DoubleInt
[ RUN      ] DoubleInt.serialize
Original class:
{
    "value0": {
        "ILinearDynamics": {
            "IDynamics": {
                "m_hasStateConstraint": false
            },
            "m_hasContolModel": false
        },
        "m_dt": 0.1
    }
}
Loaded class:
{
    "value0": {
        "ILinearDynamics": {
            "IDynamics": {
                "m_hasStateConstraint": false
            },
            "m_hasContolModel": false
        },
        "m_dt": 0.1
    }
}
[       OK ] DoubleInt.serialize (0 ms)
[----------] 1 test from DoubleInt (0 ms total)

[----------] Global test environment tear-down
[==========] 1 test from 1 test suite ran. (0 ms total)
[  PASSED  ] 1 test.
</system-out>
	</testcase>
	<testcase name="Curvilinear.GetStateMat" classname="Curvilinear.GetStateMat" time="0.00319022" status="run">
		<system-out>Running main() from /workspace/build/_deps/googletest-src/googletest/src/gtest_main.cc
Note: Google Test filter = Curvilinear.GetStateMat
[==========] Running 1 test from 1 test suite.
[----------] Global test environment set-up.
[----------] 1 test from Curvilinear
[ RUN      ] Curvilinear.GetStateMat
Checking row = 0, col = 0
Checking row = 0, col = 1
Checking row = 0, col = 2
Checking row = 0, col = 3
Checking row = 1, col = 0
Checking row = 1, col = 1
Checking row = 1, col = 2
Checking row = 1, col = 3
Checking row = 2, col = 0
Checking row = 2, col = 1
Checking row = 2, col = 2
Checking row = 2, col = 3
Checking row = 3, col = 0
Checking row = 3, col = 1
Checking row = 3, col = 2
Checking row = 3, col = 3
[       OK ] Curvilinear.GetStateMat (0 ms)
[----------] 1 test from Curvilinear (0 ms total)

[----------] Global test environment tear-down
[==========] 1 test from 1 test suite ran. (0 ms total)
[  PASSED  ] 1 test.
</system-out>
	</testcase>
	<testcase name="Curvilinear.Propagate" classname="Curvilinear.Propagate" time="0.00357793" status="run">
		<system-out>Running main() from /workspace/build/_deps/googletest-src/googletest/src/gtest_main.cc
Note: Google Test filter = Curvilinear.Propagate
[==========] Running 1 test from 1 test suite.
[----------] Global test environment set-up.
[----------] 1 test from Curvilinear
[ RUN      ] Curvilinear.Propagate
t = 0: 0.0707107 0.0707107 1 0.785398 
t = 0.1: 0.141421 0.141421 1 0.785398 
t = 0.2: 0.212132 0.212132 1 0.785398 
t = 0.3: 0.282843 0.282843 1 0.785398 
t = 0.4: 0.353553 0.353553 1 0.785398 
t = 0.5: 0.424264 0.424264 1 0.785398 
t = 0.6: 0.494975 0.494975 1 0.785398 
t = 0.7: 0.565685 0.565685 1 0.785398 
t = 0.8: 0.636396 0.636396 1 0.785398 
t = 0.9: 0.707107 0.707107 1 0.785398 
[       OK ] Curvilinear.Propagate (0 ms)
[----------] 1 test from Curvilinear (0 ms total)

[----------] Global test environment tear-down
[==========] 1 test from 1 test suite ran. (0 ms total)
[  PASSED  ] 1 test.
</system-out>
	</testcase>
	<testcase name="Curvilinear.serialize" classname="Curvilinear.serialize" time="0.00616215" status="run">
		<system-out>Running main() from /workspace/build/_deps/googletest-src/googletest/src/gtest_main.cc
Note: Google Test filter = Curvilinear.serialize
[==========] Running 1 test from 1 test suite.
[----------] Global test environment set-up.
[----------] 1 test from Curvilinear
[ RUN      ] Curvilinear.serialize
Original class:
{
    "value0": {
        "INonLinearDynamics": {
            "IDynamics": {
                "m_hasStateConstraint": false
            },
            "m_dt": 0.1,
            "m_hasControlModel": false,
            "m_continuousControl": true
        }
    }
}
Loaded class:
{
    "value0": {
        "INonLinearDynamics": {
            "IDynamics": {
                "m_hasStateConstraint": false
            },
            "m_dt": 0.1,
            "m_hasControlModel": false,
            "m_continuousControl": true
        }
    }
}
[       OK ] Curvilinear.serialize (0 ms)
[----------] 1 test from Curvilinear (0 ms total)

[----------] Global test environment tear-down
[==========] 1 test from 1 test ...
[This part of the test output was removed since it exceeds the threshold of 1024 bytes.]
</system-out>
	</testcase>
	<testcase name="MathTest.GradientVec" classname="MathTest.GradientVec" time="0.00573454" status="run">
		<system-out>Running main() from /workspace/build/_deps/googletest-src/googletest/src/gtest_main.cc
Note: Google Test filter = MathTest.GradientVec
[==========] Running 1 test from 1 test suite.
[----------] Global test environment set-up.
[----------] 1 test from MathTest
[ RUN      ] MathTest.GradientVec
[       OK ] MathTest.GradientVec (0 ms)
[----------] 1 test from MathTest (0 ms total)

[----------] Global test environment tear-down
[==========] 1 test from 1 test suite ran. (0 ms total)
[  PASSED  ] 1 test.
</system-out>
	</testcase>
	<testcase name="MathTest.JacobianSquareMat" classname="MathTest.JacobianSquareMat" time="0.00520904" status="run">
		<system-out>Running main() from /workspace/build/_deps/googletest-src/googletest/src/gtest_main.cc
Note: Google Test filter = MathTest.JacobianSquareMat
[==========] Running 1 test from 1 test suite.
[----------] Global test environment set-up.
[----------] 1 test from MathTest
[ RUN      ] MathTest.JacobianSquareMat
[       OK ] MathTest.JacobianSquareMat (0 ms)
[----------] 1 test from MathTest (0 ms total)

[----------] Global test environment tear-down
[==========] 1 test from 1 test suite ran. (0 ms total)
[  PASSED  ] 1 test.
</system-out>
	</testcase>
	<testcase name="MathTest.JacobianMat" classname="MathTest.JacobianMat" time="0.00538454" status="run">
		<system-out>Running main() from /workspace/build/_deps/googletest-src/googletest/src/gtest_main.cc
Note: Google Test filter = MathTest.JacobianMat
[==========] Running 1 test from 1 test suite.
[----------] Global test environment set-up.
[----------] 1 test from MathTest
[ RUN      ] MathTest.JacobianMat
[       OK ] MathTest.JacobianMat (0 ms)
[----------] 1 test from MathTest (0 ms total)

[----------] Global test environment tear-down
[==========] 1 test from 1 test suite ran. (0 ms total)
[  PASSED  ] 1 test.
</system-out>
	</testcase>
	<testcase name="MathTest.JacobianFunction" classname="MathTest.JacobianFunction" time="0.00509044" status="run">
		<system-out>Running main() from /workspace/build/_deps/googletest-src/googletest/src/gtest_main.cc
Note: Google Test filter = MathTest.JacobianFunction
[==========] Running 1 test from 1 test suite.
[----------] Global test environment set-up.
[----------] 1 test from MathTest
[ RUN      ] MathTest.JacobianFunction
[       OK ] MathTest.JacobianFunction (0 ms)
[----------] 1 test from MathTest (0 ms total)

[----------] Global test environment tear-down
[==========] 1 test from 1 test suite ran. (0 ms total)
[  PASSED  ] 1 test.
</system-out>
	</testcase>
	<testcase name="MathTest.GaussianPDF" classname="MathTest.GaussianPDF" time="0.00314252" status="run">
		<system-out>Running main() from /workspace/build/_deps/googletest-src/googletest/src/gtest_main.cc
Note: Google Test filter = MathTest.GaussianPDF
[==========] Running 1 test from 1 test suite.
[----------] Global test environment set-up.
[----------] 1 test from MathTest
[ RUN      ] MathTest.GaussianPDF
[       OK ] MathTest.GaussianPDF (0 ms)
[----------] 1 test from MathTest (0 ms total)

[----------] Global test environment tear-down
[==========] 1 test from 1 test suite ran. (0 ms total)
[  PASSED  ] 1 test.
</system-out>
	</testcase>
	<testcase name="MathTest.GaussianPDFVec" classname="MathTest.GaussianPDFVec" time="0.00320772" status="run">
		<system-out>Running main() from /workspace/build/_deps/googletest-src/googletest/src/gtest_main.cc
Note: Google Test filter = MathTest.GaussianPDFVec
[==========] Running 1 test from 1 test suite.
[----------] Global test environment set-up.
[----------] 1 test from MathTest
[ RUN      ] MathTest.GaussianPDFVec
[       OK ] MathTest.GaussianPDFVec (0 ms)
[----------] 1 test from MathTest (0 ms total)

[----------] Global test environment tear-down
[==========] 1 test from 1 test suite ran. (0 ms total)
[  PASSED  ] 1 test.
</system-out>
	</testcase>
	<testcase name="MathTest.RungeKutta4" classname="MathTest.RungeKutta4" time="0.00320052" status="run">
		<system-out>Running main() from /workspace/build/_deps/googletest-src/googletest/src/gtest_main.cc
Note: Google Test filter = MathTest.RungeKutta4
[==========] Running 1 test from 1 test suite.
[----------] Global test environment set-up.
[----------] 1 test from MathTest
[ RUN      ] MathTest.RungeKutta4
[       OK ] MathTest.RungeKutta4 (0 ms)
[----------] 1 test from MathTest (0 ms total)

[----------] Global test environment tear-down
[==========] 1 test from 1 test suite ran. (0 ms total)
[  PASSED  ] 1 test.
</system-out>
	</testcase>
	<testcase name="MeasurementTest.StateObservationMeasure" classname="MeasurementTest.StateObservationMeasure" time="0.00534704" status="run">
		<system-out>Running main() from /workspace/build/_deps/googletest-src/googletest/src/gtest_main.cc
Note: Google Test filter = MeasurementTest.StateObservationMeasure
[==========] Running 1 test from 1 test suite.
[----------] Global test environment set-up.
[----------] 1 test from MeasurementTest
[ RUN      ] MeasurementTest.StateObservationMeasure
[       OK ] MeasurementTest.StateObservationMeasure (0 ms)
[----------] 1 test from MeasurementTest (0 ms total)

[----------] Global test environment tear-down
[==========] 1 test from 1 test suite ran. (0 ms total)
[  PASSED  ] 1 test.
</system-out>
	</testcase>
	<testcase name="MeasurementTest.StateObservationMeasMat" classname="MeasurementTest.StateObservationMeasMat" time="0.00609885" status="run">
		<system-out>Running main() from /workspace/build/_deps/googletest-src/googletest/src/gtest_main.cc
Note: Google Test filter = MeasurementTest.StateObservationMeasMat
[==========] Running 1 test from 1 test suite.
[----------] Global test environment set-up.
[----------] 1 test from MeasurementTest
[ RUN      ] MeasurementTest.StateObservationMeasMat
[       OK ] MeasurementTest.StateObservationMeasMat (0 ms)
[----------] 1 test from MeasurementTest (0 ms total)

[----------] Global test environment tear-down
[==========] 1 test from 1 test suite ran. (0 ms total)
[  PASSED  ] 1 test.
</system-out>
	</testcase>
	<testcase name="MeasurementTest.RangeBearingMeasure" classname="MeasurementTest.RangeBearingMeasure" time="0.00333483" status="run">
		<system-out>Running main() from /workspace/build/_deps/googletest-src/googletest/src/gtest_main.cc
Note: Google Test filter = MeasurementTest.RangeBearingMeasure
[==========] Running 1 test from 1 test suite.
[----------] Global test environment set-up.
[----------] 1 test from MeasurementTest
[ RUN      ] MeasurementTest.RangeBearingMeasure
[       OK ] MeasurementTest.RangeBearingMeasure (0 ms)
[----------] 1 test from MeasurementTest (0 ms total)

[----------] Global test environment tear-down
[==========] 1 test from 1 test suite ran. (0 ms total)
[  PASSED  ] 1 test.
</system-out>
	</testcase>
	<testcase name="MeasurementTest.RangeBearingMeasMat" classname="MeasurementTest.RangeBearingMeasMat" time="0.00324132" status="run">
		<system-out>Running main() from /workspace/build/_deps/googletest-src/googletest/src/gtest_main.cc
Note: Google Test filter = MeasurementTest.RangeBearingMeasMat
[==========] Running 1 test from 1 test suite.
[----------] Global test environment set-up.
[----------] 1 test from MeasurementTest
[ RUN      ] MeasurementTest.RangeBearingMeasMat
[       OK ] MeasurementTest.RangeBearingMeasMat (0 ms)
[----------] 1 test from MeasurementTest (0 ms total)

[----------] Global test environment tear-down
[==========] 1 test from 1 test suite ran. (0 ms total)
[  PASSED  ] 1 test.
</system-out>
	</testcase>
	<testcase name="KFTest.SetStateModel" classname="KFTest.SetStateModel" time="0.00366353" status="run">
		<system-out>Running main() from /workspace/build/_deps/googletest-src/googletest/src/gtest_main.cc
Note: Google Test filter = KFTest.SetStateModel
[==========] Running 1 test from 1 test suite.
[----------] Global test environment set-up.
[----------] 1 test from KFTest
[ RUN      ] KFTest.SetStateModel
[       OK ] KFTest.SetStateModel (0 ms)
[----------] 1 test from KFTest (0 ms total)

[----------] Global test environment tear-down
[==========] 1 test from 1 test suite ran. (0 ms total)
[  PASSED  ] 1 test.
</system-out>
	</testcase>
	<testcase name="KFTest.SetMeasModel" classname="KFTest.SetMeasModel" time="0.00403843" status="run">
		<system-out>Running main() from /workspace/build/_deps/googletest-src/googletest/src/gtest_main.cc
Note: Google Test filter = KFTest.SetMeasModel
[==========] Running 1 test from 1 test suite.
[----------] Global test environment set-up.
[----------] 1 test from KFTest
[ RUN      ] KFTest.SetMeasModel
[       OK ] KFTest.SetMeasModel (0 ms)
[----------] 1 test from KFTest (0 ms total)

[----------] Global test environment tear-down
[==========] 1 test from 1 test suite ran. (0 ms total)
[  PASSED  ] 1 test.
</system-out>
	</testcase>
	<testcase name="KFTest.GetSetCovariance" classname="KFTest.GetSetCovariance" time="0.00321662" status="run">
		<system-out>Running main() from /workspace/build/_deps/googletest-src/googletest/src/gtest_main.cc
Note: Google Test filter = KFTest.GetSetCovariance
[==========] Running 1 test from 1 test suite.
[----------] Global test environment set-up.
[----------] 1 test from KFTest
[ RUN      ] KFTest.GetSetCovariance
[       OK ] KFTest.GetSetCovariance (0 ms)
[----------] 1 test from KFTest (0 ms total)

[----------] Global test environment tear-down
[==========] 1 test from 1 test suite ran. (0 ms total)
[  PASSED  ] 1 test.
</system-out>
	</testcase>
	<testcase name="KFTest.FilterPredict" classname="KFTest.FilterPredict" time="0.00373993" status="run">
		<system-out>Running main() from /workspace/build/_deps/googletest-src/googletest/src/gtest_main.cc
Note: Google Test filter = KFTest.FilterPredict
[==========] Running 1 test from 1 test suite.
[----------] Global test environment set-up.
[----------] 1 test from KFTest
[ RUN      ] KFTest.FilterPredict
[       OK ] KFTest.FilterPredict (0 ms)
[----------] 1 test from KFTest (0 ms total)

[----------] Global test environment tear-down
[==========] 1 test from 1 test suite ran. (0 ms total)
[  PASSED  ] 1 test.
</system-out>
	</testcase>
	<testcase name="KFTest.FilterCorrect" classname="KFTest.FilterCorrect" time="0.00389803" status="run">
		<system-out>Running main() from /workspace/build/_deps/googletest-src/googletest/src/gtest_main.cc
Note: Google Test filter = KFTest.FilterCorrect
[==========] Running 1 test from 1 test suite.
[----------] Global test environment set-up.
[----------] 1 test from KFTest
[ RUN      ] KFTest.FilterCorrect
corrected state estimate: 
2
3
1
1
[       OK ] KFTest.FilterCorrect (0 ms)
[----------] 1 test from KFTest (0 ms total)

[----------] Global test environment tear-down
[==========] 1 test from 1 test suite ran. (0 ms total)
[  PASSED  ] 1 test.
</system-out>
	</testcase>
	<testcase name="KFTest.serialize" classname="KFTest.serialize" time="0.00498934" status="run">
		<system-out>Running main() from /workspace/build/_deps/googletest-src/googletest/src/gtest_main.cc
Note: Google Test filter = KFTest.serialize
[==========] Running 1 test from 1 test suite.
[----------] Global test environment set-up.
[----------] 1 test from KFTest
[ RUN      ] KFTest.serialize
Original class:
{
    "value0": {
        "IBayesFilter": {
            "m_cov": {
                "rows": 4,
                "cols": 4,
                "0,0": 1.0,
                "0,1": 0.0,
                "0,2": 0.3,
                "0,3": 0.0,
                "1,0": 0.0,
                "1,1": 1.0,
                "1,2": 0.0,
                "1,3": 4.0,
                "2,0": 0.0,
                "2,1": 3.0,
                "2,2": 1.0,
                "2,3": 0.0,
                "3,0": 4.5,
                "3,1": 0.0,
                "3,2": 0.0,
                "3,3": 1.0
            }
        },
        "m_measNoise": {
            "rows": 4,
            "cols": 4,
            "0,0": 0.2,
            "0,1": 0.0,
           ...
[This part of the test output was removed since it exceeds the threshold of 1024 bytes.]
</system-out>
	</testcase>
	<testcase name="EKFTest.SetStateModel" classname="EKFTest.SetStateModel" time="0.00657585" status="run">
		<system-out>Running main() from /workspace/build/_deps/googletest-src/googletest/src/gtest_main.cc
Note: Google Test filter = EKFTest.SetStateModel
[==========] Running 1 test from 1 test suite.
[----------] Global test environment set-up.
[----------] 1 test from EKFTest
[ RUN      ] EKFTest.SetStateModel
[       OK ] EKFTest.SetStateModel (0 ms)
[----------] 1 test from EKFTest (0 ms total)

[----------] Global test environment tear-down
[==========] 1 test from 1 test suite ran. (0 ms total)
[  PASSED  ] 1 test.
</system-out>
	</testcase>
	<testcase name="EKFTest.serialize" classname="EKFTest.serialize" time="0.00543124" status="run">
		<system-out>Running main() from /workspace/build/_deps/googletest-src/googletest/src/gtest_main.cc
Note: Google Test filter = EKFTest.serialize
[==========] Running 1 test from 1 test suite.
[----------] Global test environment set-up.
[----------] 1 test from EKFTest
[ RUN      ] EKFTest.serialize
Original class:
{
    "value0": {
        "Kalman": {
            "IBayesFilter": {
                "m_cov": {
                    "rows": 4,
                    "cols": 4,
                    "0,0": 1.0,
                    "0,1": 0.0,
                    "0,2": 0.3,
                    "0,3": 0.0,
                    "1,0": 0.0,
                    "1,1": 1.0,
                    "1,2": 0.0,
                    "1,3": 4.0,
                    "2,0": 0.0,
                    "2,1": 3.0,
                    "2,2": 1.0,
                    "2,3": 0.0,
                    "3,0": 4.5,
                    "3,1": 0.0,
                    "3,2": 0.0,
                    "3,3": 1.0
                }
            },
            "m_meas...
[This part of the test output was removed since it exceeds the threshold of 1024 bytes.]
</system-out>
	</testcase>
</testsuite>
