<?xml version="1.0" encoding="UTF-8"?>
<testsuite name="(empty)"
	tests="30"
	failures="0"
	disabled="0"
	skipped="0"
	hostname=""
	time="0"
	timestamp="2023-04-13T20:45:44"
	>
	<testcase name="DoubleInt.Propagate" classname="DoubleInt.Propagate" time="0.00274731" status="run">
		<system-out>Running main() from /workspace/build/_deps/googletest-src/googletest/src/gtest_main.cc
Note: Google Test filter = DoubleInt.Propagate
[==========] Running 1 test from 1 test suite.
[----------] Global test environment set-up.
[----------] 1 test from DoubleInt
[ RUN      ] DoubleInt.Propagate
t = 0: 0.1 0 1 0 
t = 0.1: 0.2 0 1 0 
t = 0.2: 0.3 0 1 0 
t = 0.3: 0.4 0 1 0 
t = 0.4: 0.5 0 1 0 
t = 0.5: 0.6 0 1 0 
t = 0.6: 0.7 0 1 0 
t = 0.7: 0.8 0 1 0 
t = 0.8: 0.9 0 1 0 
t = 0.9: 1 0 1 0 
[       OK ] DoubleInt.Propagate (0 ms)
[----------] 1 test from DoubleInt (0 ms total)

[----------] Global test environment tear-down
[==========] 1 test from 1 test suite ran. (0 ms total)
[  PASSED  ] 1 test.
</system-out>
	</testcase>
	<testcase name="DoubleInt.serialize" classname="DoubleInt.serialize" time="0.00415712" status="run">
		<system-out>Running main() from /workspace/build/_deps/googletest-src/googletest/src/gtest_main.cc
Note: Google Test filter = DoubleInt.serialize
[==========] Running 1 test from 1 test suite.
[----------] Global test environment set-up.
[----------] 1 test from DoubleInt
[ RUN      ] DoubleInt.serialize
Original class:
{
    "value0": {
        "ILinearDynamics": {
            "IDynamics": {
                "m_hasStateConstraint": false
            },
            "m_hasContolModel": false
        },
        "m_dt": 0.1
    }
}
Loaded class:
{
    "value0": {
        "ILinearDynamics": {
            "IDynamics": {
                "m_hasStateConstraint": false
            },
            "m_hasContolModel": false
        },
        "m_dt": 0.1
    }
}
[       OK ] DoubleInt.serialize (0 ms)
[----------] 1 test from DoubleInt (0 ms total)

[----------] Global test environment tear-down
[==========] 1 test from 1 test suite ran. (0 ms total)
[  PASSED  ] 1 test.
</system-out>
	</testcase>
	<testcase name="MatrixTest.Index" classname="MatrixTest.Index" time="0.00291071" status="run">
		<system-out>Running main() from /workspace/build/_deps/googletest-src/googletest/src/gtest_main.cc
Note: Google Test filter = MatrixTest.Index
[==========] Running 1 test from 1 test suite.
[----------] Global test environment set-up.
[----------] 1 test from MatrixTest
[ RUN      ] MatrixTest.Index
[       OK ] MatrixTest.Index (0 ms)
[----------] 1 test from MatrixTest (0 ms total)

[----------] Global test environment tear-down
[==========] 1 test from 1 test suite ran. (0 ms total)
[  PASSED  ] 1 test.
</system-out>
	</testcase>
	<testcase name="MatrixTest.Add" classname="MatrixTest.Add" time="0.00242241" status="run">
		<system-out>Running main() from /workspace/build/_deps/googletest-src/googletest/src/gtest_main.cc
Note: Google Test filter = MatrixTest.Add
[==========] Running 1 test from 1 test suite.
[----------] Global test environment set-up.
[----------] 1 test from MatrixTest
[ RUN      ] MatrixTest.Add
1251[       OK ] MatrixTest.Add (0 ms)
[----------] 1 test from MatrixTest (0 ms total)

[----------] Global test environment tear-down
[==========] 1 test from 1 test suite ran. (0 ms total)
[  PASSED  ] 1 test.
</system-out>
	</testcase>
	<testcase name="MatrixTest.Multiply" classname="MatrixTest.Multiply" time="0.00365961" status="run">
		<system-out>Running main() from /workspace/build/_deps/googletest-src/googletest/src/gtest_main.cc
Note: Google Test filter = MatrixTest.Multiply
[==========] Running 1 test from 1 test suite.
[----------] Global test environment set-up.
[----------] 1 test from MatrixTest
[ RUN      ] MatrixTest.Multiply
451621[       OK ] MatrixTest.Multiply (0 ms)
[----------] 1 test from MatrixTest (0 ms total)

[----------] Global test environment tear-down
[==========] 1 test from 1 test suite ran. (0 ms total)
[  PASSED  ] 1 test.
</system-out>
	</testcase>
	<testcase name="MatrixTest.MultiplyNonSquare" classname="MatrixTest.MultiplyNonSquare" time="0.00405292" status="run">
		<system-out>Running main() from /workspace/build/_deps/googletest-src/googletest/src/gtest_main.cc
Note: Google Test filter = MatrixTest.MultiplyNonSquare
[==========] Running 1 test from 1 test suite.
[----------] Global test environment set-up.
[----------] 1 test from MatrixTest
[ RUN      ] MatrixTest.MultiplyNonSquare
[       OK ] MatrixTest.MultiplyNonSquare (0 ms)
[----------] 1 test from MatrixTest (0 ms total)

[----------] Global test environment tear-down
[==========] 1 test from 1 test suite ran. (0 ms total)
[  PASSED  ] 1 test.
</system-out>
	</testcase>
	<testcase name="MatrixTest.MultiplyVector" classname="MatrixTest.MultiplyVector" time="0.00259561" status="run">
		<system-out>Running main() from /workspace/build/_deps/googletest-src/googletest/src/gtest_main.cc
Note: Google Test filter = MatrixTest.MultiplyVector
[==========] Running 1 test from 1 test suite.
[----------] Global test environment set-up.
[----------] 1 test from MatrixTest
[ RUN      ] MatrixTest.MultiplyVector
v1 = 
2.000000	
3.000000	

v2 = 
2.000000	
3.000000	

m1 = 
1.000000	2.000000	
3.000000	4.000000	

m2 = 
1.000000	0.000000	0.000000	
0.000000	1.000000	0.000000	

8
18
4
5
[       OK ] MatrixTest.MultiplyVector (0 ms)
[----------] 1 test from MatrixTest (0 ms total)

[----------] Global test environment tear-down
[==========] 1 test from 1 test suite ran. (0 ms total)
[  PASSED  ] 1 test.
</system-out>
	</testcase>
	<testcase name="MatrixTest.TransposeMatrix" classname="MatrixTest.TransposeMatrix" time="0.00371142" status="run">
		<system-out>Running main() from /workspace/build/_deps/googletest-src/googletest/src/gtest_main.cc
Note: Google Test filter = MatrixTest.TransposeMatrix
[==========] Running 1 test from 1 test suite.
[----------] Global test environment set-up.
[----------] 1 test from MatrixTest
[ RUN      ] MatrixTest.TransposeMatrix
15263748[       OK ] MatrixTest.TransposeMatrix (0 ms)
[----------] 1 test from MatrixTest (0 ms total)

[----------] Global test environment tear-down
[==========] 1 test from 1 test suite ran. (0 ms total)
[  PASSED  ] 1 test.
</system-out>
	</testcase>
	<testcase name="MatrixTest.TransposeMatrixInPlace" classname="MatrixTest.TransposeMatrixInPlace" time="0.00387892" status="run">
		<system-out>Running main() from /workspace/build/_deps/googletest-src/googletest/src/gtest_main.cc
Note: Google Test filter = MatrixTest.TransposeMatrixInPlace
[==========] Running 1 test from 1 test suite.
[----------] Global test environment set-up.
[----------] 1 test from MatrixTest
[ RUN      ] MatrixTest.TransposeMatrixInPlace
15263748[       OK ] MatrixTest.TransposeMatrixInPlace (0 ms)
[----------] 1 test from MatrixTest (0 ms total)

[----------] Global test environment tear-down
[==========] 1 test from 1 test suite ran. (0 ms total)
[  PASSED  ] 1 test.
</system-out>
	</testcase>
	<testcase name="MatrixTest.InovCovCalc" classname="MatrixTest.InovCovCalc" time="0.00254191" status="run">
		<system-out>Running main() from /workspace/build/_deps/googletest-src/googletest/src/gtest_main.cc
Note: Google Test filter = MatrixTest.InovCovCalc
[==========] Running 1 test from 1 test suite.
[----------] Global test environment set-up.
[----------] 1 test from MatrixTest
[ RUN      ] MatrixTest.InovCovCalc
1.000000	0.000000	
0.000000	1.000000	
0.000000	0.000000	
0.000000	0.000000	

1.000000	0.000000	
0.000000	1.000000	
0.000000	0.000000	
0.000000	0.000000	
[       OK ] MatrixTest.InovCovCalc (0 ms)
[----------] 1 test from MatrixTest (0 ms total)

[----------] Global test environment tear-down
[==========] 1 test from 1 test suite ran. (0 ms total)
[  PASSED  ] 1 test.
</system-out>
	</testcase>
	<testcase name="MatrixTest.serialize" classname="MatrixTest.serialize" time="0.00418972" status="run">
		<system-out>Running main() from /workspace/build/_deps/googletest-src/googletest/src/gtest_main.cc
Note: Google Test filter = MatrixTest.serialize
[==========] Running 1 test from 1 test suite.
[----------] Global test environment set-up.
[----------] 1 test from MatrixTest
[ RUN      ] MatrixTest.serialize
Original class:
{
    "value0": {
        "m_transposed": false,
        "m_nRows": 2,
        "m_nCols": 4,
        "m_shape": [
            2,
            4,
            1
        ],
        "m_strides": [
            4,
            1,
            1
        ],
        "m_data": [
            1.0,
            0.0,
            0.4,
            2.5,
            -2.3,
            1.0,
            8.9,
            -9.2
        ]
    }
}
Loaded class:
{
    "value0": {
        "m_transposed": false,
        "m_nRows": 2,
        "m_nCols": 4,
        "m_shape": [
            2,
            4,
            1
        ],
        "m_strides": [
            4,
            1,
            1
        ],
        "m_data": [
        ...
[This part of the test output was removed since it exceeds the threshold of 1024 bytes.]
</system-out>
	</testcase>
	<testcase name="VectorTest.Index" classname="VectorTest.Index" time="0.00472312" status="run">
		<system-out>Running main() from /workspace/build/_deps/googletest-src/googletest/src/gtest_main.cc
Note: Google Test filter = VectorTest.Index
[==========] Running 1 test from 1 test suite.
[----------] Global test environment set-up.
[----------] 1 test from VectorTest
[ RUN      ] VectorTest.Index
[       OK ] VectorTest.Index (0 ms)
[----------] 1 test from VectorTest (0 ms total)

[----------] Global test environment tear-down
[==========] 1 test from 1 test suite ran. (0 ms total)
[  PASSED  ] 1 test.
</system-out>
	</testcase>
	<testcase name="VectorTest.Add" classname="VectorTest.Add" time="0.00259331" status="run">
		<system-out>Running main() from /workspace/build/_deps/googletest-src/googletest/src/gtest_main.cc
Note: Google Test filter = VectorTest.Add
[==========] Running 1 test from 1 test suite.
[----------] Global test environment set-up.
[----------] 1 test from VectorTest
[ RUN      ] VectorTest.Add
[       OK ] VectorTest.Add (0 ms)
[----------] 1 test from VectorTest (0 ms total)

[----------] Global test environment tear-down
[==========] 1 test from 1 test suite ran. (0 ms total)
[  PASSED  ] 1 test.
</system-out>
	</testcase>
	<testcase name="VectorTest.Subtract" classname="VectorTest.Subtract" time="0.00252091" status="run">
		<system-out>Running main() from /workspace/build/_deps/googletest-src/googletest/src/gtest_main.cc
Note: Google Test filter = VectorTest.Subtract
[==========] Running 1 test from 1 test suite.
[----------] Global test environment set-up.
[----------] 1 test from VectorTest
[ RUN      ] VectorTest.Subtract
[       OK ] VectorTest.Subtract (0 ms)
[----------] 1 test from VectorTest (0 ms total)

[----------] Global test environment tear-down
[==========] 1 test from 1 test suite ran. (0 ms total)
[  PASSED  ] 1 test.
</system-out>
	</testcase>
	<testcase name="VectorTest.serialize" classname="VectorTest.serialize" time="0.00410502" status="run">
		<system-out>Running main() from /workspace/build/_deps/googletest-src/googletest/src/gtest_main.cc
Note: Google Test filter = VectorTest.serialize
[==========] Running 1 test from 1 test suite.
[----------] Global test environment set-up.
[----------] 1 test from VectorTest
[ RUN      ] VectorTest.serialize
Original class:
{
    "value0": {
        "Matrix": {
            "m_transposed": false,
            "m_nRows": 4,
            "m_nCols": 1,
            "m_shape": [
                4,
                1,
                1
            ],
            "m_strides": [
                1,
                1,
                1
            ],
            "m_data": [
                -2.3,
                1.0,
                8.9,
                -9.2
            ]
        }
    }
}
Loaded class:
{
    "value0": {
        "Matrix": {
            "m_transposed": false,
            "m_nRows": 4,
            "m_nCols": 1,
            "m_shape": [
                4,
                1,
                1
            ],
            "m_s...
[This part of the test output was removed since it exceeds the threshold of 1024 bytes.]
</system-out>
	</testcase>
	<testcase name="MathTest.JacobianVec" classname="MathTest.JacobianVec" time="0.00439522" status="run">
		<system-out>Running main() from /workspace/build/_deps/googletest-src/googletest/src/gtest_main.cc
Note: Google Test filter = MathTest.JacobianVec
[==========] Running 1 test from 1 test suite.
[----------] Global test environment set-up.
[----------] 1 test from MathTest
[ RUN      ] MathTest.JacobianVec
012101210121012101210121[       OK ] MathTest.JacobianVec (0 ms)
[----------] 1 test from MathTest (0 ms total)

[----------] Global test environment tear-down
[==========] 1 test from 1 test suite ran. (0 ms total)
[  PASSED  ] 1 test.
</system-out>
	</testcase>
	<testcase name="MathTest.JacobianSquareMat" classname="MathTest.JacobianSquareMat" time="0.00228081" status="run">
		<system-out>Running main() from /workspace/build/_deps/googletest-src/googletest/src/gtest_main.cc
Note: Google Test filter = MathTest.JacobianSquareMat
[==========] Running 1 test from 1 test suite.
[----------] Global test environment set-up.
[----------] 1 test from MathTest
[ RUN      ] MathTest.JacobianSquareMat
012101210121012101210121002100210021002100210021201120112011201120112011[       OK ] MathTest.JacobianSquareMat (0 ms)
[----------] 1 test from MathTest (0 ms total)

[----------] Global test environment tear-down
[==========] 1 test from 1 test suite ran. (0 ms total)
[  PASSED  ] 1 test.
</system-out>
	</testcase>
	<testcase name="MathTest.JacobianMat" classname="MathTest.JacobianMat" time="0.00361791" status="run">
		<system-out>Running main() from /workspace/build/_deps/googletest-src/googletest/src/gtest_main.cc
Note: Google Test filter = MathTest.JacobianMat
[==========] Running 1 test from 1 test suite.
[----------] Global test environment set-up.
[----------] 1 test from MathTest
[ RUN      ] MathTest.JacobianMat
0000010101010000[       OK ] MathTest.JacobianMat (0 ms)
[----------] 1 test from MathTest (0 ms total)

[----------] Global test environment tear-down
[==========] 1 test from 1 test suite ran. (0 ms total)
[  PASSED  ] 1 test.
</system-out>
	</testcase>
	<testcase name="MathTest.GaussianPDF" classname="MathTest.GaussianPDF" time="0.00375151" status="run">
		<system-out>Running main() from /workspace/build/_deps/googletest-src/googletest/src/gtest_main.cc
Note: Google Test filter = MathTest.GaussianPDF
[==========] Running 1 test from 1 test suite.
[----------] Global test environment set-up.
[----------] 1 test from MathTest
[ RUN      ] MathTest.GaussianPDF
[       OK ] MathTest.GaussianPDF (0 ms)
[----------] 1 test from MathTest (0 ms total)

[----------] Global test environment tear-down
[==========] 1 test from 1 test suite ran. (0 ms total)
[  PASSED  ] 1 test.
</system-out>
	</testcase>
	<testcase name="MathTest.GaussianPDFVec" classname="MathTest.GaussianPDFVec" time="0.00357401" status="run">
		<system-out>Running main() from /workspace/build/_deps/googletest-src/googletest/src/gtest_main.cc
Note: Google Test filter = MathTest.GaussianPDFVec
[==========] Running 1 test from 1 test suite.
[----------] Global test environment set-up.
[----------] 1 test from MathTest
[ RUN      ] MathTest.GaussianPDFVec
[       OK ] MathTest.GaussianPDFVec (0 ms)
[----------] 1 test from MathTest (0 ms total)

[----------] Global test environment tear-down
[==========] 1 test from 1 test suite ran. (0 ms total)
[  PASSED  ] 1 test.
</system-out>
	</testcase>
	<testcase name="MeasurementTest.StateObservationMeasure" classname="MeasurementTest.StateObservationMeasure" time="0.00381831" status="run">
		<system-out>Running main() from /workspace/build/_deps/googletest-src/googletest/src/gtest_main.cc
Note: Google Test filter = MeasurementTest.StateObservationMeasure
[==========] Running 1 test from 1 test suite.
[----------] Global test environment set-up.
[----------] 1 test from MeasurementTest
[ RUN      ] MeasurementTest.StateObservationMeasure
[       OK ] MeasurementTest.StateObservationMeasure (0 ms)
[----------] 1 test from MeasurementTest (0 ms total)

[----------] Global test environment tear-down
[==========] 1 test from 1 test suite ran. (0 ms total)
[  PASSED  ] 1 test.
</system-out>
	</testcase>
	<testcase name="MeasurementTest.StateObservationMeasMat" classname="MeasurementTest.StateObservationMeasMat" time="0.00342151" status="run">
		<system-out>Running main() from /workspace/build/_deps/googletest-src/googletest/src/gtest_main.cc
Note: Google Test filter = MeasurementTest.StateObservationMeasMat
[==========] Running 1 test from 1 test suite.
[----------] Global test environment set-up.
[----------] 1 test from MeasurementTest
[ RUN      ] MeasurementTest.StateObservationMeasMat
[       OK ] MeasurementTest.StateObservationMeasMat (0 ms)
[----------] 1 test from MeasurementTest (0 ms total)

[----------] Global test environment tear-down
[==========] 1 test from 1 test suite ran. (0 ms total)
[  PASSED  ] 1 test.
</system-out>
	</testcase>
	<testcase name="MeasurementTest.RangeBearingMeasure" classname="MeasurementTest.RangeBearingMeasure" time="0.00497292" status="run">
		<system-out>Running main() from /workspace/build/_deps/googletest-src/googletest/src/gtest_main.cc
Note: Google Test filter = MeasurementTest.RangeBearingMeasure
[==========] Running 1 test from 1 test suite.
[----------] Global test environment set-up.
[----------] 1 test from MeasurementTest
[ RUN      ] MeasurementTest.RangeBearingMeasure
001101[       OK ] MeasurementTest.RangeBearingMeasure (0 ms)
[----------] 1 test from MeasurementTest (0 ms total)

[----------] Global test environment tear-down
[==========] 1 test from 1 test suite ran. (0 ms total)
[  PASSED  ] 1 test.
</system-out>
	</testcase>
	<testcase name="MeasurementTest.RangeBearingMeasMat" classname="MeasurementTest.RangeBearingMeasMat" time="0.00490862" status="run">
		<system-out>Running main() from /workspace/build/_deps/googletest-src/googletest/src/gtest_main.cc
Note: Google Test filter = MeasurementTest.RangeBearingMeasMat
[==========] Running 1 test from 1 test suite.
[----------] Global test environment set-up.
[----------] 1 test from MeasurementTest
[ RUN      ] MeasurementTest.RangeBearingMeasMat
001100110011001100110011010101010101[       OK ] MeasurementTest.RangeBearingMeasMat (0 ms)
[----------] 1 test from MeasurementTest (0 ms total)

[----------] Global test environment tear-down
[==========] 1 test from 1 test suite ran. (0 ms total)
[  PASSED  ] 1 test.
</system-out>
	</testcase>
	<testcase name="KFTest.SetStateModel" classname="KFTest.SetStateModel" time="0.00499162" status="run">
		<system-out>Running main() from /workspace/build/_deps/googletest-src/googletest/src/gtest_main.cc
Note: Google Test filter = KFTest.SetStateModel
[==========] Running 1 test from 1 test suite.
[----------] Global test environment set-up.
[----------] 1 test from KFTest
[ RUN      ] KFTest.SetStateModel
[       OK ] KFTest.SetStateModel (0 ms)
[----------] 1 test from KFTest (0 ms total)

[----------] Global test environment tear-down
[==========] 1 test from 1 test suite ran. (0 ms total)
[  PASSED  ] 1 test.
</system-out>
	</testcase>
	<testcase name="KFTest.SetMeasModel" classname="KFTest.SetMeasModel" time="0.00579042" status="run">
		<system-out>Running main() from /workspace/build/_deps/googletest-src/googletest/src/gtest_main.cc
Note: Google Test filter = KFTest.SetMeasModel
[==========] Running 1 test from 1 test suite.
[----------] Global test environment set-up.
[----------] 1 test from KFTest
[ RUN      ] KFTest.SetMeasModel
[       OK ] KFTest.SetMeasModel (0 ms)
[----------] 1 test from KFTest (0 ms total)

[----------] Global test environment tear-down
[==========] 1 test from 1 test suite ran. (0 ms total)
[  PASSED  ] 1 test.
</system-out>
	</testcase>
	<testcase name="KFTest.GetSetCovariance" classname="KFTest.GetSetCovariance" time="0.00403472" status="run">
		<system-out>Running main() from /workspace/build/_deps/googletest-src/googletest/src/gtest_main.cc
Note: Google Test filter = KFTest.GetSetCovariance
[==========] Running 1 test from 1 test suite.
[----------] Global test environment set-up.
[----------] 1 test from KFTest
[ RUN      ] KFTest.GetSetCovariance
[       OK ] KFTest.GetSetCovariance (0 ms)
[----------] 1 test from KFTest (0 ms total)

[----------] Global test environment tear-down
[==========] 1 test from 1 test suite ran. (0 ms total)
[  PASSED  ] 1 test.
</system-out>
	</testcase>
	<testcase name="KFTest.FilterPredict" classname="KFTest.FilterPredict" time="0.00445322" status="run">
		<system-out>Running main() from /workspace/build/_deps/googletest-src/googletest/src/gtest_main.cc
Note: Google Test filter = KFTest.FilterPredict
[==========] Running 1 test from 1 test suite.
[----------] Global test environment set-up.
[----------] 1 test from KFTest
[ RUN      ] KFTest.FilterPredict
[       OK ] KFTest.FilterPredict (0 ms)
[----------] 1 test from KFTest (0 ms total)

[----------] Global test environment tear-down
[==========] 1 test from 1 test suite ran. (0 ms total)
[  PASSED  ] 1 test.
</system-out>
	</testcase>
	<testcase name="KFTest.FilterCorrect" classname="KFTest.FilterCorrect" time="0.00507532" status="run">
		<system-out>Running main() from /workspace/build/_deps/googletest-src/googletest/src/gtest_main.cc
Note: Google Test filter = KFTest.FilterCorrect
[==========] Running 1 test from 1 test suite.
[----------] Global test environment set-up.
[----------] 1 test from KFTest
[ RUN      ] KFTest.FilterCorrect
[       OK ] KFTest.FilterCorrect (0 ms)
[----------] 1 test from KFTest (0 ms total)

[----------] Global test environment tear-down
[==========] 1 test from 1 test suite ran. (0 ms total)
[  PASSED  ] 1 test.
</system-out>
	</testcase>
	<testcase name="KFTest.serialize" classname="KFTest.serialize" time="0.00348421" status="run">
		<system-out>Running main() from /workspace/build/_deps/googletest-src/googletest/src/gtest_main.cc
Note: Google Test filter = KFTest.serialize
[==========] Running 1 test from 1 test suite.
[----------] Global test environment set-up.
[----------] 1 test from KFTest
[ RUN      ] KFTest.serialize
Original class:
{
    "value0": {
        "IBayesFilter": {
            "cov": {
                "m_transposed": false,
                "m_nRows": 4,
                "m_nCols": 4,
                "m_shape": [
                    4,
                    4,
                    1
                ],
                "m_strides": [
                    4,
                    1,
                    1
                ],
                "m_data": [
                    1.0,
                    0.0,
                    0.3,
                    0.0,
                    0.0,
                    1.0,
                    0.0,
                    4.0,
                    0.0,
                    3.0,
                    1.0,
                    0....
[This part of the test output was removed since it exceeds the threshold of 1024 bytes.]
</system-out>
	</testcase>
</testsuite>
